<?xml version="1.0" encoding="UTF-8"?>
<!-- Generated by org.testng.reporters.JUnitReportReporter -->
<testsuite skipped="0" hostname="DESKTOP-F03TO42" name="com.practice.Pgm1" tests="3" failures="0" timestamp="12 Apr 2017 04:50:05 GMT" time="0.016" errors="0">
  <testcase name="chatwithfriendstest" time="0.012" classname="com.practice.Pgm1"/>
  <testcase name="logintest" time="0.002" classname="com.practice.Pgm1"/>
  <testcase name="signuptest" time="0.002" classname="com.practice.Pgm1"/>
</testsuite> <!-- com.practice.Pgm1 -->
