<?xml version="1.0" encoding="UTF-8"?>
<!-- Generated by org.testng.reporters.JUnitReportReporter -->
<testsuite skipped="0" hostname="DESKTOP-F03TO42" name="com.practice.DataProviderDemo" tests="3" failures="0" timestamp="9 Dec 2016 17:44:52 GMT" time="0.015" errors="0">
  <testcase name="LoginAndLogout" time="0.002" classname="com.practice.DataProviderDemo"/>
  <testcase name="LoginAndLogout" time="0.001" classname="com.practice.DataProviderDemo"/>
  <testcase name="LoginAndLogout" time="0.012" classname="com.practice.DataProviderDemo"/>
</testsuite> <!-- com.practice.DataProviderDemo -->
