<?xml version="1.0" encoding="UTF-8"?>
<!-- Generated by org.testng.reporters.JUnitReportReporter -->
<testsuite skipped="0" hostname="DESKTOP-F03TO42" name="com.practice.PriorityandInvocationCount" tests="4" failures="0" timestamp="20 Nov 2016 00:49:31 GMT" time="0.018" errors="0">
  <testcase name="Example1" time="0.012" classname="com.practice.PriorityandInvocationCount"/>
  <testcase name="Example2" time="0.002" classname="com.practice.PriorityandInvocationCount"/>
  <testcase name="Example3" time="0.002" classname="com.practice.PriorityandInvocationCount"/>
  <testcase name="Example2" time="0.002" classname="com.practice.PriorityandInvocationCount"/>
</testsuite> <!-- com.practice.PriorityandInvocationCount -->
