<?xml version="1.0" encoding="UTF-8"?>
<!-- Generated by org.testng.reporters.JUnitReportReporter -->
<testsuite skipped="0" hostname="DESKTOP-F03TO42" name="com.practice.IgnoreTestmethod" tests="1" failures="0" timestamp="18 Nov 2016 04:05:05 GMT" time="0.013" errors="0">
  <testcase name="logintest" time="0.013" classname="com.practice.IgnoreTestmethod"/>
</testsuite> <!-- com.practice.IgnoreTestmethod -->
