<?xml version="1.0" encoding="UTF-8"?>
<!-- Generated by org.testng.reporters.JUnitReportReporter -->
<testsuite skipped="0" hostname="DESKTOP-F03TO42" name="com.practice.Pgm2" tests="1" failures="0" timestamp="18 Nov 2016 03:52:13 GMT" time="0.018" errors="0">
  <testcase name="ignoreTestmethod" time="0.018" classname="com.practice.Pgm2"/>
</testsuite> <!-- com.practice.Pgm2 -->
