<?xml version="1.0" encoding="UTF-8"?>
<!-- Generated by org.testng.reporters.JUnitReportReporter -->
<testsuite skipped="0" hostname="DESKTOP-F03TO42" name="com.practice.Groups" tests="3" failures="0" timestamp="21 Nov 2016 03:51:57 GMT" time="0.030" errors="0">
  <testcase name="TC1" time="0.024" classname="com.practice.Groups"/>
  <testcase name="TC3" time="0.002" classname="com.practice.Groups"/>
  <testcase name="TC2" time="0.004" classname="com.practice.Groups"/>
</testsuite> <!-- com.practice.Groups -->
