<?xml version="1.0" encoding="UTF-8"?>
<!-- Generated by org.testng.reporters.JUnitReportReporter -->
<testsuite name="BeforeAndAfterClass" tests="4" time="0.018" ignored="0" failures="0" timestamp="11 Jun 2017 21:04:12 GMT" skipped="0" hostname="DESKTOP-F03TO42" errors="0">
  <testcase name="example1" time="0.009" classname="BeforeAndAfterClass"/>
  <testcase name="example2" time="0.005" classname="BeforeAndAfterClass"/>
  <testcase name="example2" time="0.002" classname="BeforeAndAfterClass"/>
  <testcase name="example3" time="0.002" classname="BeforeAndAfterClass"/>
</testsuite> <!-- BeforeAndAfterClass -->
